[    0.000000] Linux version 4.15.0-74-generic (buildd@lcy01-amd64-022) (gcc version 7.4.0 (Ubuntu 7.4.0-1ubuntu1~18.04.1)) #84-Ubuntu SMP Thu Dec 19 08:06:28 UTC 2019 (Ubuntu 4.15.0-74.84-generic 4.15.18)
[    0.000000] Command line: BOOT_IMAGE=/boot/vmlinuz-4.15.0-74-generic root=LABEL=cloudimg-rootfs ro console=tty1 console=ttyS0
[    0.000000] KERNEL supported cpus:
[    0.000000]   Intel GenuineIntel
[    0.000000]   AMD AuthenticAMD
[    0.000000]   Centaur CentaurHauls
[    0.000000] x86/fpu: Supporting XSAVE feature 0x001: 'x87 floating point registers'
[    0.000000] x86/fpu: Supporting XSAVE feature 0x002: 'SSE registers'
[    0.000000] x86/fpu: Supporting XSAVE feature 0x004: 'AVX registers'
[    0.000000] x86/fpu: xstate_offset[2]:  576, xstate_sizes[2]:  256
[    0.000000] x86/fpu: Enabled xstate features 0x7, context size is 832 bytes, using 'standard' format.
[    0.000000] e820: BIOS-provided physical RAM map:
[    0.000000] BIOS-e820: [mem 0x0000000000000000-0x000000000009fbff] usable
[    0.000000] BIOS-e820: [mem 0x000000000009fc00-0x000000000009ffff] reserved
[    0.000000] BIOS-e820: [mem 0x00000000000f0000-0x00000000000fffff] reserved
[    0.000000] BIOS-e820: [mem 0x0000000000100000-0x00000000dffeffff] usable
[    0.000000] BIOS-e820: [mem 0x00000000dfff0000-0x00000000dfffffff] ACPI data
[    0.000000] BIOS-e820: [mem 0x00000000fec00000-0x00000000fec00fff] reserved
[    0.000000] BIOS-e820: [mem 0x00000000fee00000-0x00000000fee00fff] reserved
[    0.000000] BIOS-e820: [mem 0x00000000fffc0000-0x00000000ffffffff] reserved
[    0.000000] BIOS-e820: [mem 0x0000000100000000-0x000000011fffffff] usable
[    0.000000] NX (Execute Disable) protection: active
[    0.000000] SMBIOS 2.5 present.
[    0.000000] DMI: innotek GmbH VirtualBox/VirtualBox, BIOS VirtualBox 12/01/2006
[    0.000000] Hypervisor detected: KVM
[    0.000000] e820: last_pfn = 0x120000 max_arch_pfn = 0x400000000
[    0.000000] MTRR: Disabled
[    0.000000] x86/PAT: MTRRs disabled, skipping PAT initialization too.
[    0.000000] CPU MTRRs all blank - virtualized system.
[    0.000000] x86/PAT: Configuration [0-7]: WB  WT  UC- UC  WB  WT  UC- UC  
[    0.000000] e820: last_pfn = 0xdfff0 max_arch_pfn = 0x400000000
[    0.000000] found SMP MP-table at [mem 0x0009fff0-0x0009ffff]
[    0.000000] Scanning 1 areas for low memory corruption
[    0.000000] RAMDISK: [mem 0x3595f000-0x36ca6fff]
[    0.000000] ACPI: Early table checksum verification disabled
[    0.000000] ACPI: RSDP 0x00000000000E0000 000024 (v02 VBOX  )
[    0.000000] ACPI: XSDT 0x00000000DFFF0030 00003C (v01 VBOX   VBOXXSDT 00000001 ASL  00000061)
[    0.000000] ACPI: FACP 0x00000000DFFF00F0 0000F4 (v04 VBOX   VBOXFACP 00000001 ASL  00000061)
[    0.000000] ACPI: DSDT 0x00000000DFFF0470 0022EA (v02 VBOX   VBOXBIOS 00000002 INTL 20100528)
[    0.000000] ACPI: FACS 0x00000000DFFF0200 000040
[    0.000000] ACPI: FACS 0x00000000DFFF0200 000040
[    0.000000] ACPI: APIC 0x00000000DFFF0240 00005C (v02 VBOX   VBOXAPIC 00000001 ASL  00000061)
[    0.000000] ACPI: SSDT 0x00000000DFFF02A0 0001CC (v01 VBOX   VBOXCPUT 00000002 INTL 20100528)
[    0.000000] No NUMA configuration found
[    0.000000] Faking a node at [mem 0x0000000000000000-0x000000011fffffff]
[    0.000000] NODE_DATA(0) allocated [mem 0x11ffd5000-0x11fffffff]
[    0.000000] kvm-clock: cpu 0, msr 1:1ff54001, primary cpu clock
[    0.000000] kvm-clock: Using msrs 4b564d01 and 4b564d00
[    0.000000] kvm-clock: using sched offset of 5016431325 cycles
[    0.000000] clocksource: kvm-clock: mask: 0xffffffffffffffff max_cycles: 0x1cd42e4dffb, max_idle_ns: 881590591483 ns
[    0.000000] Zone ranges:
[    0.000000]   DMA      [mem 0x0000000000001000-0x0000000000ffffff]
[    0.000000]   DMA32    [mem 0x0000000001000000-0x00000000ffffffff]
[    0.000000]   Normal   [mem 0x0000000100000000-0x000000011fffffff]
[    0.000000]   Device   empty
[    0.000000] Movable zone start for each node
[    0.000000] Early memory node ranges
[    0.000000]   node   0: [mem 0x0000000000001000-0x000000000009efff]
[    0.000000]   node   0: [mem 0x0000000000100000-0x00000000dffeffff]
[    0.000000]   node   0: [mem 0x0000000100000000-0x000000011fffffff]
[    0.000000] Reserved but unavailable: 98 pages
[    0.000000] Initmem setup node 0 [mem 0x0000000000001000-0x000000011fffffff]
[    0.000000] ACPI: PM-Timer IO Port: 0x4008
[    0.000000] IOAPIC[0]: apic_id 2, version 32, address 0xfec00000, GSI 0-23
[    0.000000] ACPI: INT_SRC_OVR (bus 0 bus_irq 0 global_irq 2 dfl dfl)
[    0.000000] ACPI: INT_SRC_OVR (bus 0 bus_irq 9 global_irq 9 low level)
[    0.000000] Using ACPI (MADT) for SMP configuration information
[    0.000000] smpboot: Allowing 2 CPUs, 0 hotplug CPUs
[    0.000000] PM: Registered nosave memory: [mem 0x00000000-0x00000fff]
[    0.000000] PM: Registered nosave memory: [mem 0x0009f000-0x0009ffff]
[    0.000000] PM: Registered nosave memory: [mem 0x000a0000-0x000effff]
[    0.000000] PM: Registered nosave memory: [mem 0x000f0000-0x000fffff]
[    0.000000] PM: Registered nosave memory: [mem 0xdfff0000-0xdfffffff]
[    0.000000] PM: Registered nosave memory: [mem 0xe0000000-0xfebfffff]
[    0.000000] PM: Registered nosave memory: [mem 0xfec00000-0xfec00fff]
[    0.000000] PM: Registered nosave memory: [mem 0xfec01000-0xfedfffff]
[    0.000000] PM: Registered nosave memory: [mem 0xfee00000-0xfee00fff]
[    0.000000] PM: Registered nosave memory: [mem 0xfee01000-0xfffbffff]
[    0.000000] PM: Registered nosave memory: [mem 0xfffc0000-0xffffffff]
[    0.000000] e820: [mem 0xe0000000-0xfebfffff] available for PCI devices
[    0.000000] Booting paravirtualized kernel on KVM
[    0.000000] clocksource: refined-jiffies: mask: 0xffffffff max_cycles: 0xffffffff, max_idle_ns: 7645519600211568 ns
[    0.000000] random: get_random_bytes called from start_kernel+0x99/0x4fd with crng_init=0
[    0.000000] setup_percpu: NR_CPUS:8192 nr_cpumask_bits:2 nr_cpu_ids:2 nr_node_ids:1
[    0.000000] percpu: Embedded 45 pages/cpu s147456 r8192 d28672 u1048576
[    0.000000] PV qspinlock hash table entries: 256 (order: 0, 4096 bytes)
[    0.000000] Built 1 zonelists, mobility grouping on.  Total pages: 1032057
[    0.000000] Policy zone: Normal
[    0.000000] Kernel command line: BOOT_IMAGE=/boot/vmlinuz-4.15.0-74-generic root=LABEL=cloudimg-rootfs ro console=tty1 console=ttyS0
[    0.000000] Memory: 4013160K/4193848K available (12300K kernel code, 2481K rwdata, 4260K rodata, 2428K init, 2704K bss, 180688K reserved, 0K cma-reserved)
[    0.000000] SLUB: HWalign=64, Order=0-3, MinObjects=0, CPUs=2, Nodes=1
[    0.000000] Kernel/User page tables isolation: enabled
[    0.000000] ftrace: allocating 39322 entries in 154 pages
[    0.004000] Hierarchical RCU implementation.
[    0.004000] 	RCU restricting CPUs from NR_CPUS=8192 to nr_cpu_ids=2.
[    0.004000] 	Tasks RCU enabled.
[    0.004000] RCU: Adjusting geometry for rcu_fanout_leaf=16, nr_cpu_ids=2
[    0.004000] NR_IRQS: 524544, nr_irqs: 440, preallocated irqs: 16
[    0.004000] Console: colour VGA+ 80x25
[    0.004000] console [tty1] enabled
[    0.004000] console [ttyS0] enabled
[    0.004000] ACPI: Core revision 20170831
[    0.004000] ACPI: 2 ACPI AML tables successfully acquired and loaded
[    0.004000] APIC: Switch to symmetric I/O mode setup
[    0.004000] x2apic enabled
[    0.004000] Switched APIC routing to physical x2apic.
[    0.004000] ..TIMER: vector=0x30 apic1=0 pin1=2 apic2=-1 pin2=-1
[    0.004004] tsc: Detected 2592.000 MHz processor
[    0.005053] Calibrating delay loop (skipped) preset value.. 5184.00 BogoMIPS (lpj=10368000)
[    0.008004] pid_max: default: 32768 minimum: 301
[    0.009003] Security Framework initialized
[    0.009858] Yama: becoming mindful.
[    0.012023] AppArmor: AppArmor initialized
[    0.015740] Dentry cache hash table entries: 524288 (order: 10, 4194304 bytes)
[    0.017437] Inode-cache hash table entries: 262144 (order: 9, 2097152 bytes)
[    0.020024] Mount-cache hash table entries: 8192 (order: 4, 65536 bytes)
[    0.021370] Mountpoint-cache hash table entries: 8192 (order: 4, 65536 bytes)
[    0.023057] Last level iTLB entries: 4KB 64, 2MB 8, 4MB 8
[    0.024002] Last level dTLB entries: 4KB 64, 2MB 0, 4MB 0, 1GB 4
[    0.025222] Spectre V1 : Mitigation: usercopy/swapgs barriers and __user pointer sanitization
[    0.026964] Spectre V2 : Mitigation: Full generic retpoline
[    0.028001] Spectre V2 : Spectre v2 / SpectreRSB mitigation: Filling RSB on context switch
[    0.029685] Speculative Store Bypass: Vulnerable
[    0.030684] MDS: Mitigation: Clear CPU buffers
[    0.032161] Freeing SMP alternatives memory: 36K
[    0.142826] smpboot: CPU0: Intel(R) Core(TM) i7-6700HQ CPU @ 2.60GHz (family: 0x6, model: 0x5e, stepping: 0x3)
[    0.144000] Performance Events: unsupported p6 CPU model 94 no PMU driver, software events only.
[    0.144043] Hierarchical SRCU implementation.
[    0.145528] NMI watchdog: Perf event create on CPU 0 failed with -2
[    0.146810] NMI watchdog: Perf NMI watchdog permanently disabled
[    0.148046] smp: Bringing up secondary CPUs ...
[    0.150392] x86: Booting SMP configuration:
[    0.152004] .... node  #0, CPUs:      #1
[    0.004000] kvm-clock: cpu 1, msr 1:1ff54041, secondary cpu clock
[    0.156025] smp: Brought up 1 node, 2 CPUs
[    0.157344] smpboot: Max logical packages: 1
[    0.160008] smpboot: Total of 2 processors activated (10368.00 BogoMIPS)
[    0.161652] devtmpfs: initialized
[    0.161652] x86/mm: Memory block size: 128MB
[    0.164405] evm: security.selinux
[    0.165505] evm: security.SMACK64
[    0.166257] evm: security.SMACK64EXEC
[    0.168004] evm: security.SMACK64TRANSMUTE
[    0.169154] evm: security.SMACK64MMAP
[    0.170184] evm: security.apparmor
[    0.171169] evm: security.ima
[    0.171892] evm: security.capability
[    0.172107] clocksource: jiffies: mask: 0xffffffff max_cycles: 0xffffffff, max_idle_ns: 7645041785100000 ns
[    0.174490] futex hash table entries: 512 (order: 3, 32768 bytes)
[    0.176080] pinctrl core: initialized pinctrl subsystem
[    0.177480] RTC time: 11:46:07, date: 01/10/20
[    0.180078] NET: Registered protocol family 16
[    0.181221] audit: initializing netlink subsys (disabled)
[    0.182423] audit: type=2000 audit(1578656774.474:1): state=initialized audit_enabled=0 res=1
[    0.184011] cpuidle: using governor ladder
[    0.185274] cpuidle: using governor menu
[    0.186244] ACPI: bus type PCI registered
[    0.187256] acpiphp: ACPI Hot Plug PCI Controller Driver version: 0.5
[    0.188140] PCI: Using configuration type 1 for base access
[    0.192841] HugeTLB registered 2.00 MiB page size, pre-allocated 0 pages
[    0.196213] ACPI: Added _OSI(Module Device)
[    0.197756] ACPI: Added _OSI(Processor Device)
[    0.199727] ACPI: Added _OSI(3.0 _SCP Extensions)
[    0.200014] ACPI: Added _OSI(Processor Aggregator Device)
[    0.201383] ACPI: Added _OSI(Linux-Dell-Video)
[    0.202915] ACPI: Added _OSI(Linux-Lenovo-NV-HDMI-Audio)
[    0.204007] ACPI: Added _OSI(Linux-HPI-Hybrid-Graphics)
[    0.205583] ACPI: Executed 1 blocks of module-level executable AML code
[    0.212862] ACPI: Interpreter enabled
[    0.213752] ACPI: (supports S0 S5)
[    0.214613] ACPI: Using IOAPIC for interrupt routing
[    0.216208] PCI: Using host bridge windows from ACPI; if necessary, use "pci=nocrs" and report a bug
[    0.218467] ACPI: Enabled 2 GPEs in block 00 to 07
[    0.227824] ACPI: PCI Root Bridge [PCI0] (domain 0000 [bus 00-ff])
[    0.228014] acpi PNP0A03:00: _OSC: OS supports [ASPM ClockPM Segments MSI]
[    0.230680] acpi PNP0A03:00: _OSC: not requesting OS control; OS requires [ExtendedConfig ASPM ClockPM MSI]
[    0.232016] acpi PNP0A03:00: fail to add MMCONFIG information, can't access extended PCI configuration space under this bridge.
[    0.236470] PCI host bridge to bus 0000:00
[    0.237682] pci_bus 0000:00: root bus resource [io  0x0000-0x0cf7 window]
[    0.240011] pci_bus 0000:00: root bus resource [io  0x0d00-0xffff window]
[    0.242021] pci_bus 0000:00: root bus resource [mem 0x000a0000-0x000bffff window]
[    0.244013] pci_bus 0000:00: root bus resource [mem 0xe0000000-0xfdffffff window]
[    0.246208] pci_bus 0000:00: root bus resource [bus 00-ff]
[    0.252003] pci 0000:00:01.1: legacy IDE quirk: reg 0x10: [io  0x01f0-0x01f7]
[    0.253865] pci 0000:00:01.1: legacy IDE quirk: reg 0x14: [io  0x03f6]
[    0.255196] pci 0000:00:01.1: legacy IDE quirk: reg 0x18: [io  0x0170-0x0177]
[    0.256011] pci 0000:00:01.1: legacy IDE quirk: reg 0x1c: [io  0x0376]
[    0.309930] pci 0000:00:07.0: quirk: [io  0x4000-0x403f] claimed by PIIX4 ACPI
[    0.312080] pci 0000:00:07.0: quirk: [io  0x4100-0x410f] claimed by PIIX4 SMB
[    0.329709] ACPI: PCI Interrupt Link [LNKA] (IRQs 5 9 10 *11)
[    0.331740] ACPI: PCI Interrupt Link [LNKB] (IRQs 5 9 *10 11)
[    0.332151] ACPI: PCI Interrupt Link [LNKC] (IRQs 5 *9 10 11)
[    0.333584] ACPI: PCI Interrupt Link [LNKD] (IRQs 5 9 10 *11)
[    0.336531] SCSI subsystem initialized
[    0.337792] pci 0000:00:02.0: vgaarb: setting as boot VGA device
[    0.337792] pci 0000:00:02.0: vgaarb: VGA device added: decodes=io+mem,owns=io+mem,locks=none
[    0.340014] pci 0000:00:02.0: vgaarb: bridge control possible
[    0.341430] vgaarb: loaded
[    0.342408] ACPI: bus type USB registered
[    0.344033] usbcore: registered new interface driver usbfs
[    0.345489] usbcore: registered new interface driver hub
[    0.346788] usbcore: registered new device driver usb
[    0.348079] EDAC MC: Ver: 3.0.0
[    0.349532] PCI: Using ACPI for IRQ routing
[    0.352338] NetLabel: Initializing
[    0.353088] NetLabel:  domain hash size = 128
[    0.354002] NetLabel:  protocols = UNLABELED CIPSOv4 CALIPSO
[    0.355491] NetLabel:  unlabeled traffic allowed by default
[    0.356073] clocksource: Switched to clocksource kvm-clock
[    0.372457] VFS: Disk quotas dquot_6.6.0
[    0.373694] VFS: Dquot-cache hash table entries: 512 (order 0, 4096 bytes)
[    0.382868] AppArmor: AppArmor Filesystem Enabled
[    0.384553] pnp: PnP ACPI init
[    0.388675] pnp: PnP ACPI: found 3 devices
[    0.404618] clocksource: acpi_pm: mask: 0xffffff max_cycles: 0xffffff, max_idle_ns: 2085701024 ns
[    0.407452] NET: Registered protocol family 2
[    0.409134] TCP established hash table entries: 32768 (order: 6, 262144 bytes)
[    0.411555] TCP bind hash table entries: 32768 (order: 7, 524288 bytes)
[    0.413578] TCP: Hash tables configured (established 32768 bind 32768)
[    0.415473] UDP hash table entries: 2048 (order: 4, 65536 bytes)
[    0.416804] UDP-Lite hash table entries: 2048 (order: 4, 65536 bytes)
[    0.418194] NET: Registered protocol family 1
[    0.419371] pci 0000:00:00.0: Limiting direct PCI/PCI transfers
[    0.420674] pci 0000:00:01.0: Activating ISA DMA hang workarounds
[    0.422222] pci 0000:00:02.0: Video device with shadowed ROM at [mem 0x000c0000-0x000dffff]
[    0.426872] Unpacking initramfs...
[    0.780311] Freeing initrd memory: 19744K
[    0.781365] PCI-DMA: Using software bounce buffering for IO (SWIOTLB)
[    0.782709] software IO TLB: mapped [mem 0xdbff0000-0xdfff0000] (64MB)
[    0.784099] clocksource: tsc: mask: 0xffffffffffffffff max_cycles: 0x255cb6cc5db, max_idle_ns: 440795203504 ns
[    0.787503] platform rtc_cmos: registered platform RTC device (no PNP device found)
[    0.790202] Scanning for low memory corruption every 60 seconds
[    0.793701] Initialise system trusted keyrings
[    0.794827] Key type blacklist registered
[    0.795755] workingset: timestamp_bits=36 max_order=20 bucket_order=0
[    0.799418] zbud: loaded
[    0.801097] squashfs: version 4.0 (2009/01/31) Phillip Lougher
[    0.802852] fuse init (API version 7.26)
[    0.806338] Key type asymmetric registered
[    0.807493] Asymmetric key parser 'x509' registered
[    0.809010] Block layer SCSI generic (bsg) driver version 0.4 loaded (major 246)
[    0.810637] io scheduler noop registered
[    0.811508] io scheduler deadline registered
[    0.812691] io scheduler cfq registered (default)
[    0.814390] ACPI: AC Adapter [AC] (on-line)
[    0.816044] input: Power Button as /devices/LNXSYSTM:00/LNXPWRBN:00/input/input0
[    0.817763] ACPI: Power Button [PWRF]
[    0.818758] input: Sleep Button as /devices/LNXSYSTM:00/LNXSLPBN:00/input/input1
[    0.820629] ACPI: Sleep Button [SLPF]
[    0.823388] ACPI: Battery Slot [BAT0] (battery present)
[    0.824865] virtio-pci 0000:00:03.0: virtio_pci: leaving for legacy driver
[    0.825020] Serial: 8250/16550 driver, 32 ports, IRQ sharing enabled
[    0.848710] 00:02: ttyS0 at I/O 0x3f8 (irq = 4, base_baud = 115200) is a 16550A
[    0.852666] Linux agpgart interface v0.103
[    0.856980] loop: module loaded
[    0.858301] scsi host0: ata_piix
[    0.859531] scsi host1: ata_piix
[    0.860879] ata1: PATA max UDMA/33 cmd 0x1f0 ctl 0x3f6 bmdma 0xd000 irq 14
[    0.862631] ata2: PATA max UDMA/33 cmd 0x170 ctl 0x376 bmdma 0xd008 irq 15
[    0.864178] libphy: Fixed MDIO Bus: probed
[    0.865434] tun: Universal TUN/TAP device driver, 1.6
[    0.866613] PPP generic driver version 2.4.2
[    0.867948] ehci_hcd: USB 2.0 'Enhanced' Host Controller (EHCI) Driver
[    0.870460] ehci-pci: EHCI PCI platform driver
[    0.872069] ehci-platform: EHCI generic platform driver
[    0.873397] ohci_hcd: USB 1.1 'Open' Host Controller (OHCI) Driver
[    0.874828] ohci-pci: OHCI PCI platform driver
[    0.877277] ohci-pci 0000:00:06.0: OHCI PCI host controller
[    0.878820] ohci-pci 0000:00:06.0: new USB bus registered, assigned bus number 1
[    0.880804] ohci-pci 0000:00:06.0: irq 22, io mem 0xf0404000
[    0.940634] usb usb1: New USB device found, idVendor=1d6b, idProduct=0001
[    0.942055] usb usb1: New USB device strings: Mfr=3, Product=2, SerialNumber=1
[    0.944096] usb usb1: Product: OHCI PCI host controller
[    0.945278] usb usb1: Manufacturer: Linux 4.15.0-74-generic ohci_hcd
[    0.946816] usb usb1: SerialNumber: 0000:00:06.0
[    0.947911] hub 1-0:1.0: USB hub found
[    0.948767] hub 1-0:1.0: 12 ports detected
[    0.950082] ohci-platform: OHCI generic platform driver
[    0.951549] uhci_hcd: USB Universal Host Controller Interface driver
[    0.953219] i8042: PNP: PS/2 Controller [PNP0303:PS2K,PNP0f03:PS2M] at 0x60,0x64 irq 1,12
[    0.955409] serio: i8042 KBD port at 0x60,0x64 irq 1
[    0.956639] serio: i8042 AUX port at 0x60,0x64 irq 12
[    0.958332] mousedev: PS/2 mouse device common for all mice
[    0.960188] rtc_cmos rtc_cmos: rtc core: registered rtc_cmos as rtc0
[    0.961705] rtc_cmos rtc_cmos: alarms up to one day, 114 bytes nvram
[    0.963035] i2c /dev entries driver
[    0.963895] input: AT Translated Set 2 keyboard as /devices/platform/i8042/serio0/input/input2
[    0.966920] device-mapper: uevent: version 1.0.3
[    0.967990] device-mapper: ioctl: 4.37.0-ioctl (2017-09-20) initialised: dm-devel@redhat.com
[    0.970396] ledtrig-cpu: registered to indicate activity on CPUs
[    0.973188] NET: Registered protocol family 10
[    0.978374] Segment Routing with IPv6
[    0.979717] NET: Registered protocol family 17
[    0.981423] Key type dns_resolver registered
[    0.982802] mce: Using 0 MCE banks
[    0.983578] RAS: Correctable Errors collector initialized.
[    0.984835] sched_clock: Marking stable (984807384, 0)->(1300803336, -315995952)
[    0.987180] registered taskstats version 1
[    0.988306] Loading compiled-in X.509 certificates
[    0.992587] Loaded X.509 cert 'Build time autogenerated kernel key: 62d24f9c726e026b112735485dad6e6e4b50c923'
[    0.995766] zswap: loaded using pool lzo/zbud
[    1.000541] Key type big_key registered
[    1.001795] Key type trusted registered
[    1.005228] Key type encrypted registered
[    1.006801] AppArmor: AppArmor sha1 policy hashing enabled
[    1.008140] ima: No TPM chip found, activating TPM-bypass! (rc=-19)
[    1.009760] ima: Allocated hash algorithm: sha1
[    1.011269] evm: HMAC attrs: 0x1
[    1.012327]   Magic number: 4:122:782
[    1.013232] rtc_cmos rtc_cmos: setting system clock to 2020-01-10 11:46:08 UTC (1578656768)
[    1.015138] BIOS EDD facility v0.16 2004-Jun-25, 0 devices found
[    1.016863] EDD information not available.
[    1.027206] Freeing unused kernel image memory: 2428K
[    1.040183] Write protecting the kernel read-only data: 20480k
[    1.042733] Freeing unused kernel image memory: 2008K
[    1.044775] Freeing unused kernel image memory: 1884K
[    1.053811] x86/mm: Checked W+X mappings: passed, no W+X pages found.
[    1.056045] x86/mm: Checking user space page tables
[    1.064662] x86/mm: Checked W+X mappings: passed, no W+X pages found.
Loading, please wait...
starting version 237
[    1.146928] Fusion MPT base driver 3.04.20
[    1.148142] Copyright (c) 1999-2008 LSI Corporation
[    1.181613] Fusion MPT SPI Host driver 3.04.20
[    1.183153] AVX2 version of gcm_enc/dec engaged.
[    1.184370] AES CTR mode by8 optimization enabled
[    1.199131] vboxvideo: loading out-of-tree module taints kernel.
[    1.201536] vboxvideo: module verification failed: signature and/or required key missing - tainting kernel
[    1.203209] virtio_net virtio0 enp0s3: renamed from eth0
[    1.206324] mptbase: ioc0: Initiating bringup
[    1.301342] ioc0: LSI53C1030 A0: Capabilities={Initiator}
[    1.369537] input: ImExPS/2 Generic Explorer Mouse as /devices/platform/i8042/serio1/input/input4
[    1.544277] scsi host2: ioc0: LSI53C1030 A0, FwRev=00000000h, Ports=1, MaxQ=256, IRQ=20
[    1.713235] scsi 2:0:0:0: Direct-Access     VBOX     HARDDISK         1.0  PQ: 0 ANSI: 5
[    1.715805] [drm] VRAM 01000000
[    1.716883] [TTM] Zone  kernel: Available graphics memory: 2019630 kiB
[    1.718246] [TTM] Initializing pool allocator
[    1.719192] [TTM] Initializing DMA pool allocator
[    1.721692] fbcon: vboxdrmfb (fb0) is primary device
[    1.723353] Console: switching to colour frame buffer device 100x37
[    1.726537] vboxvideo 0000:00:02.0: fb0: vboxdrmfb frame buffer device
[    1.736155] [drm] Initialized vboxvideo 1.0.0 20130823 for 0000:00:02.0 on minor 0
[    1.740351] scsi target2:0:0: Beginning Domain Validation
[    1.743872] scsi target2:0:0: Domain Validation skipping write tests
[    1.745108] scsi target2:0:0: Ending Domain Validation
[    1.746165] scsi target2:0:0: asynchronous
[    1.747935] scsi 2:0:1:0: Direct-Access     VBOX     HARDDISK         1.0  PQ: 0 ANSI: 5
[    1.784142] scsi target2:0:1: Beginning Domain Validation
[    1.787799] scsi target2:0:1: Domain Validation skipping write tests
[    1.788949] scsi target2:0:1: Ending Domain Validation
[    1.789872] scsi target2:0:1: asynchronous
[    1.791312] random: fast init done
[    1.797799] random: systemd-udevd: uninitialized urandom read (16 bytes read)
[    1.799342] random: systemd-udevd: uninitialized urandom read (16 bytes read)
[    1.800477] sd 2:0:0:0: [sda] 20971520 512-byte logical blocks: (10.7 GB/10.0 GiB)
[    1.800957] random: systemd-udevd: uninitialized urandom read (16 bytes read)
[    1.803083] sd 2:0:0:0: Attached scsi generic sg0 type 0
[    1.805971] sd 2:0:0:0: [sda] Write Protect is off
[    1.807172] sd 2:0:0:0: [sda] Incomplete mode parameter data
[    1.808675] sd 2:0:0:0: [sda] Assuming drive cache: write through
[    1.810631] sd 2:0:1:0: [sdb] 20480 512-byte logical blocks: (10.5 MB/10.0 MiB)
[    1.812233] sd 2:0:1:0: [sdb] Write Protect is off
[    1.813406] sd 2:0:1:0: [sdb] Incomplete mode parameter data
[    1.814709] sd 2:0:1:0: [sdb] Assuming drive cache: write through
[    1.816196]  sda: sda1
[    1.817246] sd 2:0:1:0: Attached scsi generic sg1 type 0
[    1.819325] sd 2:0:0:0: [sda] Attached SCSI disk
[    1.822261] sd 2:0:1:0: [sdb] Attached SCSI disk
Begin: Loading essential drivers ... [    2.012056] raid6: sse2x1   gen() 10251 MB/s
[    2.060130] raid6: sse2x1   xor()  7511 MB/s
[    2.108495] raid6: sse2x2   gen() 12859 MB/s
[    2.156301] raid6: sse2x2   xor()  6142 MB/s
[    2.204068] raid6: sse2x4   gen() 13255 MB/s
[    2.252096] raid6: sse2x4   xor()  8068 MB/s
[    2.300407] raid6: avx2x1   gen() 20011 MB/s
[    2.349849] raid6: avx2x1   xor() 15400 MB/s
[    2.396056] raid6: avx2x2   gen() 24395 MB/s
[    2.444199] raid6: avx2x2   xor() 16045 MB/s
[    2.492236] raid6: avx2x4   gen() 27275 MB/s
[    2.540194] raid6: avx2x4   xor() 15782 MB/s
[    2.541455] raid6: using algorithm avx2x4 gen() 27275 MB/s
[    2.543218] raid6: .... xor() 15782 MB/s, rmw enabled
[    2.544652] raid6: using avx2x2 recovery algorithm
[    2.547056] xor: automatically using best checksumming function   avx       
[    2.549978] async_tx: api initialized (async)
done.
Begin: Running /scripts/init-premount ... done.
Begin: Mounting root file system ... Begin: Running /scripts/local-top ... done.
Begin: Running /scripts/local-premount ... [    2.596786] Btrfs loaded, crc32c=crc32c-intel
Scanning for Btrfs filesystems
done.
Warning: fsck not present, so skipping root file system
[    2.628420] EXT4-fs (sda1): INFO: recovery required on readonly filesystem
[    2.630722] EXT4-fs (sda1): write access will be enabled during recovery
[    2.659231] EXT4-fs (sda1): recovery complete
[    2.661740] EXT4-fs (sda1): mounted filesystem with ordered data mode. Opts: (null)
done.
Begin: Running /scripts/local-bottom ... done.
Begin: Running /scripts/init-bottom ... done.
[    2.852421] ip_tables: (C) 2000-2006 Netfilter Core Team
[    2.863741] systemd[1]: systemd 237 running in system mode. (+PAM +AUDIT +SELINUX +IMA +APPARMOR +SMACK +SYSVINIT +UTMP +LIBCRYPTSETUP +GCRYPT +GNUTLS +ACL +XZ +LZ4 +SECCOMP +BLKID +ELFUTILS +KMOD -IDN2 +IDN -PCRE2 default-hierarchy=hybrid)
[    2.871301] systemd[1]: Detected virtualization oracle.
[    2.873541] systemd[1]: Detected architecture x86-64.

Welcome to [1mUbuntu 18.04.3 LTS[0m!

[    2.881381] systemd[1]: Set hostname to <ubuntu-bionic>.
[    3.135763] systemd[1]: Reached target System Time Synchronized.
[[0;32m  OK  [0m] Reached target System Time Synchronized.
[    3.138333] systemd[1]: Started Forward Password Requests to Wall Directory Watch.
[[0;32m  OK  [0m] Started Forward Password Requests to Wall Directory Watch.
[    3.141140] systemd[1]: Reached target Swap.
[[0;32m  OK  [0m] Reached target Swap.
[    3.144545] systemd[1]: Created slice System Slice.
[[0;32m  OK  [0m] Created slice System Slice.
[    3.146645] systemd[1]: Listening on Journal Socket (/dev/log).
[[0;32m  OK  [0m] Listening on Journal Socket (/dev/log).
[    3.149369] systemd[1]: Listening on Journal Socket.
[[0;32m  OK  [0m] Listening on Journal Socket.
         Starting Create list of required st…ce nodes for the current kernel...
         Starting Set the console keyboard layout...
         Mounting Kernel Debug File System...
[[0;32m  OK  [0m] Listening on udev Kernel Socket.
[[0;32m  OK  [0m] Listening on Network Service Netlink Socket.
[[0;32m  OK  [0m] Listening on Syslog Socket.
[[0;32m  OK  [0m] Listening on LVM2 metadata daemon socket.
         Mounting POSIX Message Queue File System...
[[0;32m  OK  [0m] Listening on Device-mapper event daemon FIFOs.
         Starting Monitoring of LVM2 mirrors…ng dmeventd or progress polling...
[[0;32m  OK  [0m] Created slice User and Session Slice.
[[0;32m  OK  [0m] Created slice system-serial\x2dgetty.slice.
[[0;32m  OK  [0m] Listening on /dev/initctl Compatibility Named Pipe.
[[0;32m  OK  [0m] Listening on Journal Audit Socket.
[[0;32m  OK  [0m] Reached target User and Group Name Lookups.
         Mounting Huge Pages File System...
         Starting Uncomplicated firewall...
[[0;32m  OK  [0m] Reached target Slices.
[[0;32m  OK  [0m] Listening on udev Control Socket.
         Starting udev Coldplug all Devices...
[[0;32m  OK  [0m] Set up automount Arbitrary Executab…rmats File System Automount Point.
         Starting Remount Root and Kernel File Systems...
         Starting Journal Service...
[    3.251949] EXT4-fs (sda1): re-mounted. Opts: (null)
         Starting Load Kernel Modules...
[[0;32m  OK  [0m] Listening on LVM2 poll daemon socket.
[[0;32m  OK  [0m] Started Create list of required sta…vice nodes for the current kernel.
[    3.286549] Loading iSCSI transport class v2.0-870.
[[0;32m  OK  [0m] Started Set the console keyboard layout.
[    3.298029] iscsi: registered transport (tcp)
[[0;32m  OK  [0m] Started Journal Service.
[[0;32m  OK  [0m] Mounted Kernel Debug File System.
[    3.314748] iscsi: registered transport (iser)
[[0;32m  OK  [0m] Mounted POSIX Message Queue File System.
[[0;32m  OK  [0m] Mounted Huge Pages File System.
[[0;32m  OK  [0m] Started Uncomplicated firewall.
[[0;32m  OK  [0m] Started Remount Root and Kernel File Systems.
[[0;32m  OK  [0m] Started Load Kernel Modules.
[[0;32m  OK  [0m] Started LVM2 metadata daemon.
         Mounting FUSE Control File System...
         Mounting Kernel Configuration File System...
         Starting Apply Kernel Variables...
         Starting Load/Save Random Seed...
         Starting Flush Journal to Persistent Storage...
         Starting Create Static Device Nodes in /dev...
[[0;32m  OK  [0m] Started Monitoring of LVM2 mirrors,…sing dmeventd or progress polling.
[[0;32m  OK  [0m] Started udev Coldplug all Devices.
[[0;32m  OK  [0m] Mounted FUSE Control File System.
[[0;32m  OK  [0m] Mounted Kernel Configuration File System.
[[0;32m  OK  [0m] Started Apply Kernel Variables.
[[0;32m  OK  [0m] Started Load/Save Random Seed.
[[0;32m  OK  [0m] Started Create Static Device Nodes in /dev.
         Starting udev Kernel Device Manager...
[[0;32m  OK  [0m] Reached target Local File Systems (Pre).
[[0;32m  OK  [0m] Reached target Local File Systems.
         Starting AppArmor initialization...
         Starting ebtables ruleset management...
         Starting Set console font and keymap...
         Starting Tell Plymouth To Write Out Runtime Data...
[[0;32m  OK  [0m] Started Set console font and keymap.
[[0;32m  OK  [0m] Started Tell Plymouth To Write Out Runtime Data.
[[0;32m  OK  [0m] Started udev Kernel Device Manager.
[[0;32m  OK  [0m] Started Dispatch Password Requests to Console Directory Watch.
[[0;32m  OK  [0m] Reached target Local Encrypted Volumes.
[[0;32m  OK  [0m] Started ebtables ruleset management.
[[0;32m  OK  [0m] Started Flush Journal to Persistent Storage.
         Starting Create Volatile Files and Directories...
[[0;32m  OK  [0m] Started Create Volatile Files and Directories.
         Starting Update UTMP about System Boot/Shutdown...
[[0;32m  OK  [0m] Started Update UTMP about System Boot/Shutdown.
[[0;32m  OK  [0m] Started AppArmor initialization.
         Starting Initial cloud-init job (pre-networking)...
[[0;32m  OK  [0m] Found device /dev/ttyS0.
[[0;32m  OK  [0m] Listening on Load/Save RF Kill Switch Status /dev/rfkill Watch.
[    5.037754] cloud-init[507]: Cloud-init v. 19.3-41-gc4735dd3-0ubuntu1~18.04.1 running 'init-local' at Fri, 10 Jan 2020 11:46:12 +0000. Up 4.83 seconds.
[[0;32m  OK  [0m] Started Initial cloud-init job (pre-networking).
[[0;32m  OK  [0m] Reached target Network (Pre).
         Starting Network Service...
[[0;32m  OK  [0m] Started Network Service.
         Starting Network Name Resolution...
         Starting Wait for Network to be Configured...
[[0;32m  OK  [0m] Started Network Name Resolution.
[[0;32m  OK  [0m] Reached target Host and Network Name Lookups.
[[0;32m  OK  [0m] Started Wait for Network to be Configured.
         Starting Initial cloud-init job (metadata service crawler)...
[    6.914824] cloud-init[698]: Cloud-init v. 19.3-41-gc4735dd3-0ubuntu1~18.04.1 running 'init' at Fri, 10 Jan 2020 11:46:14 +0000. Up 6.77 seconds.
[    6.930160] cloud-init[698]: ci-info: ++++++++++++++++++++++++++++++++++++++Net device info++++++++++++++++++++++++++++++++++++++
[    6.931831] cloud-init[698]: ci-info: +--------+------+----------------------------+---------------+--------+-------------------+
[    6.944429] cloud-init[698]: ci-info: | Device |  Up  |          Address           |      Mask     | Scope  |     Hw-Address    |
[    6.956470] cloud-init[698]: ci-info: +--------+------+----------------------------+---------------+--------+-------------------+
[    6.958493] cloud-init[698]: ci-info: | enp0s3 | True |         10.0.2.15          | 255.255.255.0 | global | 02:57:a3:c3:eb:b7 |
[    6.960831] cloud-init[698]: ci-info: | enp0s3 | True | fe80::57:a3ff:fec3:ebb7/64 |       .       |  link  | 02:57:a3:c3:eb:b7 |
[    6.962937] cloud-init[698]: ci-info: |   lo   | True |         127.0.0.1          |   255.0.0.0   |  host  |         .         |
[    6.964963] cloud-init[698]: ci-info: |   lo   | True |          ::1/128           |       .       |  host  |         .         |
[    6.967276] cloud-init[698]: ci-info: +--------+------+----------------------------+---------------+--------+-------------------+
[    6.969821] cloud-init[698]: ci-info: ++++++++++++++++++++++++++++Route IPv4 info+++++++++++++++++++++++++++++
[    6.972180] cloud-init[698]: ci-info: +-------+-------------+----------+-----------------+-----------+-------+
[    6.974288] cloud-init[698]: ci-info: | Route | Destination | Gateway  |     Genmask     | Interface | Flags |
[    6.976582] cloud-init[698]: ci-info: +-------+-------------+----------+-----------------+-----------+-------+
[    6.978852] cloud-init[698]: ci-info: |   0   |   0.0.0.0   | 10.0.2.2 |     0.0.0.0     |   enp0s3  |   UG  |
[    6.981171] cloud-init[698]: ci-info: |   1   |   10.0.2.0  | 0.0.0.0  |  255.255.255.0  |   enp0s3  |   U   |
[    6.992379] cloud-init[698]: ci-info: |   2   |   10.0.2.2  | 0.0.0.0  | 255.255.255.255 |   enp0s3  |   UH  |
[    6.995365] cloud-init[698]: ci-info: +-------+-------------+----------+-----------------+-----------+-------+
[    6.998345] cloud-init[698]: ci-info: +++++++++++++++++++Route IPv6 info+++++++++++++++++++
[    7.012257] cloud-init[698]: ci-info: +-------+-------------+---------+-----------+-------+
[    7.014801] cloud-init[698]: ci-info: | Route | Destination | Gateway | Interface | Flags |
[    7.016733] cloud-init[698]: ci-info: +-------+-------------+---------+-----------+-------+
[    7.018997] cloud-init[698]: ci-info: |   1   |  fe80::/64  |    ::   |   enp0s3  |   U   |
[    7.034157] cloud-init[698]: ci-info: |   3   |    local    |    ::   |   enp0s3  |   U   |
[    7.035683] cloud-init[698]: ci-info: |   4   |   ff00::/8  |    ::   |   enp0s3  |   U   |
[    7.036597] cloud-init[698]: ci-info: +-------+-------------+---------+-----------+-------+
[[0;32m  OK  [0m] Started Initial cloud-init job (metadata service crawler).
[[0;32m  OK  [0m] Reached target System Initialization.
[[0;32m  OK  [0m] Started ACPI Events Check.
[[0;32m  OK  [0m] Reached target Paths.
[[0;32m  OK  [0m] Listening on Avahi mDNS/DNS-SD Stack Activation Socket.
[[0;32m  OK  [0m] Listening on D-Bus System Message Bus Socket.
[[0;32m  OK  [0m] Started Message of the Day.
         Starting LXD - unix socket.
[[0;32m  OK  [0m] Started Daily apt download activities.
[[0;32m  OK  [0m] Started Daily apt upgrade and clean activities.
[[0;32m  OK  [0m] Listening on Open-iSCSI iscsid Socket.
         Starting Socket activation for snappy daemon.
[[0;32m  OK  [0m] Listening on UUID daemon activation socket.
[[0;32m  OK  [0m] Started Daily Cleanup of Temporary Directories.
[[0;32m  OK  [0m] Started Discard unused blocks once a week.
[[0;32m  OK  [0m] Reached target Timers.
[[0;32m  OK  [0m] Listening on ACPID Listen Socket.
[[0;32m  OK  [0m] Reached target Cloud-config availability.
[[0;32m  OK  [0m] Listening on LXD - unix socket.
[[0;32m  OK  [0m] Listening on Socket activation for snappy daemon.
[[0;32m  OK  [0m] Reached target Sockets.
[[0;32m  OK  [0m] Reached target Basic System.
[[0;32m  OK  [0m] Started Regular background program processing daemon.
[[0;32m  OK  [0m] Started D-Bus System Message Bus.
         Starting Login Service...
         Starting Modem Manager...
[[0;32m  OK  [0m] Started irqbalance daemon.
[[0;32m  OK  [0m] Started Deferred execution scheduler.
         Starting Dispatcher daemon for systemd-networkd...
         Starting Accounts Service...
         Starting Avahi mDNS/DNS-SD Stack...
         Starting vboxadd.service...
[[0;32m  OK  [0m] Started FUSE filesystem for LXC.
         Starting WPA supplicant...
         Starting LSB: Record successful boot for GRUB...
         Starting Snappy daemon...
         Starting System Logging Service...
         Starting LXD - container startup/shutdown...
[[0;32m  OK  [0m] Started Login Service.
[[0;32m  OK  [0m] Started Avahi mDNS/DNS-SD Stack.
[[0;32m  OK  [0m] Started WPA supplicant.
[[0;32m  OK  [0m] Reached target Network.
[[0;32m  OK  [0m] Reached target Network is Online.
         Starting Availability of block devices...
[[0;32m  OK  [0m] Reached target Remote File Systems (Pre).
[[0;32m  OK  [0m] Reached target Remote File Systems.
         Starting LSB: automatic crash report generation...
         Starting OpenBSD Secure Shell server...
         Starting Permit User Sessions...
[[0;32m  OK  [0m] Started Unattended Upgrades Shutdown.
[[0;32m  OK  [0m] Started System Logging Service.
[[0;32m  OK  [0m] Started Availability of block devices.
[[0;32m  OK  [0m] Started Dispatcher daemon for systemd-networkd.
         Starting Authorization Manager...
[[0;32m  OK  [0m] Started Permit User Sessions.
         Starting Hold until boot process finishes up...
         Starting Terminate Plymouth Boot Screen...
[[0;32m  OK  [0m] Started LSB: Record successful boot for GRUB.
[[0;32m  OK  [0m] Started Hold until boot process finishes up.
[[0;32m  OK  [0m] Started Terminate Plymouth Boot Screen.
[[0;32m  OK  [0m] Started Serial Getty on ttyS0.
         Starting Set console scheme...
[[0;32m  OK  [0m] Started Authorization Manager.
[[0;32m  OK  [0m] Started Accounts Service.
[[0;32m  OK  [0m] Started LSB: automatic crash report generation.
[[0;32m  OK  [0m] Started Set console scheme.
[[0;32m  OK  [0m] Created slice system-getty.slice.
[[0;32m  OK  [0m] Started Getty on tty1.
[[0;32m  OK  [0m] Reached target Login Prompts.
[[0;32m  OK  [0m] Started OpenBSD Secure Shell server.
[[0;32m  OK  [0m] Started LXD - container startup/shutdown.
[[0;32m  OK  [0m] Started Modem Manager.
[[0;32m  OK  [0m] Started Snappy daemon.
         Starting Wait until snapd is fully seeded...
[[0;32m  OK  [0m] Started Wait until snapd is fully seeded.
         Starting Apply the settings specified in cloud-config...
[[0;32m  OK  [0m] Started vboxadd.service.
         Starting vboxadd-service.service...
[[0;32m  OK  [0m] Started vboxadd-service.service.
[[0;32m  OK  [0m] Reached target Multi-User System.
[[0;32m  OK  [0m] Reached target Graphical Interface.
         Starting Update UTMP about System Runlevel Changes...
[[0;32m  OK  [0m] Started Update UTMP about System Runlevel Changes.
[    9.372289] cloud-init[1088]: Cloud-init v. 19.3-41-gc4735dd3-0ubuntu1~18.04.1 running 'modules:config' at Fri, 10 Jan 2020 11:46:16 +0000. Up 9.27 seconds.
[[0;32m  OK  [0m] Started Apply the settings specified in cloud-config.
         Starting Execute cloud user/final scripts...
[    9.866790] cloud-init[1254]: Cloud-init v. 19.3-41-gc4735dd3-0ubuntu1~18.04.1 running 'modules:final' at Fri, 10 Jan 2020 11:46:17 +0000. Up 9.76 seconds.
[    9.877592] cloud-init[1254]: Cloud-init v. 19.3-41-gc4735dd3-0ubuntu1~18.04.1 finished at Fri, 10 Jan 2020 11:46:17 +0000. Datasource DataSourceNoCloud [seed=/dev/sdb][dsmode=net].  Up 9.85 seconds
[[0;32m  OK  [0m] Started Execute cloud user/final scripts.
[[0;32m  OK  [0m] Reached target Cloud-init target.

Ubuntu 18.04.3 LTS ubuntu-bionic ttyS0

ubuntu-bionic login: 